c:\users\user\desktop\studies\thirdyear\semester c\c++\finalproject\part3_zoo\zoo\zoo\debug\vc140.pdb
c:\users\user\desktop\studies\thirdyear\semester c\c++\finalproject\part3_zoo\zoo\zoo\debug\vc140.idb
c:\users\user\desktop\studies\thirdyear\semester c\c++\finalproject\part3_zoo\zoo\zoo\debug\animal.obj
c:\users\user\desktop\studies\thirdyear\semester c\c++\finalproject\part3_zoo\zoo\zoo\debug\lion.obj
c:\users\user\desktop\studies\thirdyear\semester c\c++\finalproject\part3_zoo\zoo\zoo\debug\main.obj
c:\users\user\desktop\studies\thirdyear\semester c\c++\finalproject\part3_zoo\zoo\zoo\debug\manager.obj
c:\users\user\desktop\studies\thirdyear\semester c\c++\finalproject\part3_zoo\zoo\zoo\debug\monkey.obj
c:\users\user\desktop\studies\thirdyear\semester c\c++\finalproject\part3_zoo\zoo\zoo\debug\person.obj
c:\users\user\desktop\studies\thirdyear\semester c\c++\finalproject\part3_zoo\zoo\zoo\debug\regularworker.obj
c:\users\user\desktop\studies\thirdyear\semester c\c++\finalproject\part3_zoo\zoo\zoo\debug\utils.obj
c:\users\user\desktop\studies\thirdyear\semester c\c++\finalproject\part3_zoo\zoo\zoo\debug\visitor.obj
c:\users\user\desktop\studies\thirdyear\semester c\c++\finalproject\part3_zoo\zoo\zoo\debug\worker.obj
c:\users\user\desktop\studies\thirdyear\semester c\c++\finalproject\part3_zoo\zoo\zoo\debug\zebra.obj
c:\users\user\desktop\studies\thirdyear\semester c\c++\finalproject\part3_zoo\zoo\zoo\debug\zoo.obj
c:\users\user\desktop\studies\thirdyear\semester c\c++\finalproject\part3_zoo\zoo\debug\zoo.ilk
c:\users\user\desktop\studies\thirdyear\semester c\c++\finalproject\part3_zoo\zoo\debug\zoo.exe
c:\users\user\desktop\studies\thirdyear\semester c\c++\finalproject\part3_zoo\zoo\debug\zoo.pdb
c:\users\user\desktop\studies\thirdyear\semester c\c++\finalproject\part3_zoo\zoo\zoo\debug\zoo.tlog\cl.command.1.tlog
c:\users\user\desktop\studies\thirdyear\semester c\c++\finalproject\part3_zoo\zoo\zoo\debug\zoo.tlog\cl.read.1.tlog
c:\users\user\desktop\studies\thirdyear\semester c\c++\finalproject\part3_zoo\zoo\zoo\debug\zoo.tlog\cl.write.1.tlog
c:\users\user\desktop\studies\thirdyear\semester c\c++\finalproject\part3_zoo\zoo\zoo\debug\zoo.tlog\link.command.1.tlog
c:\users\user\desktop\studies\thirdyear\semester c\c++\finalproject\part3_zoo\zoo\zoo\debug\zoo.tlog\link.read.1.tlog
c:\users\user\desktop\studies\thirdyear\semester c\c++\finalproject\part3_zoo\zoo\zoo\debug\zoo.tlog\link.write.1.tlog
